<?xml version="1.0" encoding="UTF-8"?>
<testng-results ignored="0" total="3" passed="3" failed="0" skipped="0">
  <reporter-output>
  </reporter-output>
  <suite started-at="2022-10-18T11:53:29 IST" name="TestSuite" finished-at="2022-10-18T11:54:18 IST" duration-ms="49336">
    <groups>
    </groups>
    <test started-at="2022-10-18T11:53:29 IST" name="ChromeTest" finished-at="2022-10-18T11:54:18 IST" duration-ms="49336">
      <class name="Ecommerce.Testing">
        <test-method is-config="true" signature="Start(java.lang.String)[pri:0, instance:Ecommerce.Testing@d5b810e]" started-at="2022-10-18T11:53:29 IST" name="Start" finished-at="2022-10-18T11:53:32 IST" duration-ms="2911" status="PASS">
          <params>
            <param index="0">
              <value>
                <![CDATA[Chrome]]>
              </value>
            </param>
          </params>
          <reporter-output>
          </reporter-output>
        </test-method> <!-- Start -->
        <test-method signature="home()[pri:0, instance:Ecommerce.Testing@d5b810e]" started-at="2022-10-18T11:53:32 IST" name="home" finished-at="2022-10-18T11:54:17 IST" duration-ms="44619" status="PASS">
          <reporter-output>
          </reporter-output>
        </test-method> <!-- home -->
        <test-method signature="search()[pri:1, instance:Ecommerce.Testing@d5b810e]" started-at="2022-10-18T11:54:17 IST" name="search" finished-at="2022-10-18T11:54:18 IST" duration-ms="1176" status="PASS">
          <reporter-output>
          </reporter-output>
        </test-method> <!-- search -->
        <test-method signature="pageHeight()[pri:2, instance:Ecommerce.Testing@d5b810e]" started-at="2022-10-18T11:54:18 IST" name="pageHeight" finished-at="2022-10-18T11:54:18 IST" duration-ms="22" status="PASS">
          <reporter-output>
          </reporter-output>
        </test-method> <!-- pageHeight -->
        <test-method is-config="true" signature="end()[pri:0, instance:Ecommerce.Testing@d5b810e]" started-at="2022-10-18T11:54:18 IST" name="end" finished-at="2022-10-18T11:54:18 IST" duration-ms="553" status="PASS">
          <reporter-output>
          </reporter-output>
        </test-method> <!-- end -->
      </class> <!-- Ecommerce.Testing -->
    </test> <!-- ChromeTest -->
  </suite> <!-- TestSuite -->
</testng-results>
