<?xml version="1.0" encoding="UTF-8"?>
<testng-results ignored="0" total="1" passed="1" failed="0" skipped="0">
  <reporter-output>
  </reporter-output>
  <suite started-at="2022-10-08T06:44:59Z" name="Default suite" finished-at="2022-10-08T06:45:10Z" duration-ms="10354">
    <groups>
    </groups>
    <test started-at="2022-10-08T06:44:59Z" name="Default test" finished-at="2022-10-08T06:45:10Z" duration-ms="10354">
      <class name="com.theinternet.AddtoCart">
        <test-method signature="registrationTest()[pri:0, instance:com.theinternet.AddtoCart@5a755cc1]" started-at="2022-10-08T06:44:59Z" name="registrationTest" finished-at="2022-10-08T06:45:10Z" duration-ms="10343" status="PASS">
          <reporter-output>
          </reporter-output>
        </test-method> <!-- registrationTest -->
      </class> <!-- com.theinternet.AddtoCart -->
    </test> <!-- Default test -->
  </suite> <!-- Default suite -->
</testng-results>
