<?xml version="1.0" encoding="UTF-8"?>
<!-- Generated by org.testng.reporters.JUnitXMLReporter -->
<testsuite ignored="0" hostname="LAPTOP-N2KCGJJC" failures="0" tests="3" name="ChromeTest" time="49.336" errors="0" timestamp="2022-10-18T11:54:18 IST">
  <testcase classname="Ecommerce.Testing" name="home" time="44.619"/>
  <testcase classname="Ecommerce.Testing" name="search" time="1.176"/>
  <testcase classname="Ecommerce.Testing" name="pageHeight" time="0.022"/>
</testsuite> <!-- ChromeTest -->
